{"message":"Somehting failed during startup...","stack":"Error: Somehting failed during startup...\n    at Object.<anonymous> (/home/marceau/code/marceau21/node.js/vidly-api-project-mongoDB/index.js:34:7)\n    at Module._compile (internal/modules/cjs/loader.js:778:30)\n    at Object.Module._extensions..js (internal/modules/cjs/loader.js:789:10)\n    at Module.load (internal/modules/cjs/loader.js:653:32)\n    at tryModuleLoad (internal/modules/cjs/loader.js:593:12)\n    at Function.Module._load (internal/modules/cjs/loader.js:585:3)\n    at Function.Module.runMain (internal/modules/cjs/loader.js:831:12)\n    at startup (internal/bootstrap/node.js:283:19)\n    at bootstrapNodeJSCore (internal/bootstrap/node.js:623:3)","level":"error","timestamp":"2020-04-11T13:02:08.432Z"}
{"level":"info","message":"Connected to mongoDB...","timestamp":"2020-04-11T13:52:11.960Z"}
{"level":"info","message":"Connected to mongoDB...","timestamp":"2020-04-11T13:55:25.333Z"}
{"level":"info","message":"Connected to mongoDB...","timestamp":"2020-04-11T13:55:52.939Z"}
{"level":"info","message":"Connected to mongoDB...","timestamp":"2020-04-11T14:00:43.161Z"}
{"level":"info","message":"Connected to mongoDB...","timestamp":"2020-04-11T14:01:00.046Z"}
{"level":"info","message":"Connected to mongoDB...","timestamp":"2020-04-11T14:01:31.939Z"}
{"level":"info","message":"Connected to mongoDB...","timestamp":"2020-04-11T14:01:44.004Z"}
{"level":"info","message":"Connected to mongoDB...","timestamp":"2020-04-11T14:02:01.588Z"}
{"level":"info","message":"Connected to mongoDB...","timestamp":"2020-04-11T14:02:11.293Z"}
{"level":"info","message":"Connected to mongoDB...","timestamp":"2020-04-11T14:02:27.162Z"}
{"level":"info","message":"Connected to mongoDB...","timestamp":"2020-04-11T14:05:13.097Z"}
{"level":"info","message":"Connected to mongoDB...","timestamp":"2020-04-11T14:08:38.759Z"}
{"level":"info","message":"Connected to mongoDB...","timestamp":"2020-04-11T14:10:27.398Z"}
{"level":"info","message":"Connected to mongoDB...","timestamp":"2020-04-11T14:10:48.823Z"}
{"level":"info","message":"Connected to mongoDB...","timestamp":"2020-04-11T14:11:04.742Z"}
{"level":"info","message":"Connected to mongoDB...","timestamp":"2020-04-11T14:12:10.131Z"}
{"level":"info","message":"Connected to mongoDB...","timestamp":"2020-04-11T14:13:57.427Z"}
{"level":"info","message":"Connected to mongoDB...","timestamp":"2020-04-11T14:14:12.522Z"}
{"level":"info","message":"Listening to port 3000...","timestamp":"2020-04-11T14:15:32.373Z"}
{"level":"info","message":"Connected to mongoDB...","timestamp":"2020-04-11T14:15:32.412Z"}
{"level":"info","message":"Listening to port 3000...","timestamp":"2020-04-11T14:16:06.004Z"}
{"level":"info","message":"Connected to mongoDB...","timestamp":"2020-04-11T14:16:06.050Z"}
{"level":"info","message":"Listening to port 3000...","timestamp":"2020-04-11T14:17:24.791Z"}
{"level":"info","message":"Connected to mongoDB...","timestamp":"2020-04-11T14:17:24.833Z"}
{"level":"info","message":"Listening to port 3000...","timestamp":"2020-04-11T14:18:39.404Z"}
{"level":"info","message":"Connected to mongoDB...","timestamp":"2020-04-11T14:18:39.449Z"}
{"level":"info","message":"Listening to port 3000...","timestamp":"2020-04-12T15:56:54.906Z"}
{"level":"info","message":"Connected to mongodb://localhost/vidly-api-project...","timestamp":"2020-04-12T15:56:54.939Z"}
{"level":"info","message":"Listening to port 3000...","timestamp":"2020-04-12T15:58:25.889Z"}
{"level":"info","message":"Connected to mongodb://localhost/vidly_test...","timestamp":"2020-04-12T15:58:25.914Z"}
{"level":"info","message":"Listening to port 3000...","timestamp":"2020-04-12T16:14:56.898Z"}
{"level":"info","message":"Connected to mongodb://localhost/vidly_test...","timestamp":"2020-04-12T16:14:56.937Z"}
{"level":"info","message":"Listening to port 3000...","timestamp":"2020-04-12T16:15:25.369Z"}
{"level":"info","message":"Connected to mongodb://localhost/vidly_test...","timestamp":"2020-04-12T16:15:25.412Z"}
{"level":"info","message":"Listening to port 3000...","timestamp":"2020-04-13T07:38:54.263Z"}
{"level":"info","message":"Connected to mongodb://localhost/vidly_test...","timestamp":"2020-04-13T07:38:54.320Z"}
{"level":"info","message":"Listening to port 3000...","timestamp":"2020-04-13T07:46:43.411Z"}
{"level":"info","message":"Connected to mongodb://localhost/vidly_test...","timestamp":"2020-04-13T07:46:43.462Z"}
{"level":"info","message":"Listening to port 3000...","timestamp":"2020-04-13T07:50:58.319Z"}
{"level":"info","message":"Connected to mongodb://localhost/vidly_test...","timestamp":"2020-04-13T07:50:58.351Z"}
{"level":"info","message":"Listening to port 3000...","timestamp":"2020-04-13T07:51:30.750Z"}
{"level":"info","message":"Connected to mongodb://localhost/vidly_test...","timestamp":"2020-04-13T07:51:30.787Z"}
{"level":"info","message":"Listening to port 3000...","timestamp":"2020-04-13T07:51:42.853Z"}
{"level":"info","message":"Connected to mongodb://localhost/vidly_test...","timestamp":"2020-04-13T07:51:42.895Z"}
{"level":"info","message":"Listening to port 3000...","timestamp":"2020-04-13T07:53:25.255Z"}
{"level":"info","message":"Connected to mongodb://localhost/vidly_test...","timestamp":"2020-04-13T07:53:25.290Z"}
{"level":"info","message":"Listening to port 3000...","timestamp":"2020-04-13T07:57:56.393Z"}
{"level":"info","message":"Connected to mongodb://localhost/vidly_test...","timestamp":"2020-04-13T07:57:56.437Z"}
{"level":"info","message":"Listening to port 3000...","timestamp":"2020-04-13T07:59:24.788Z"}
{"level":"info","message":"Connected to mongodb://localhost/vidly_test...","timestamp":"2020-04-13T07:59:24.818Z"}
{"level":"info","message":"Listening to port 3000...","timestamp":"2020-04-13T08:01:47.819Z"}
{"level":"info","message":"Connected to mongodb://localhost/vidly_test...","timestamp":"2020-04-13T08:01:47.863Z"}
{"level":"info","message":"Listening to port 3000...","timestamp":"2020-04-13T08:02:44.934Z"}
{"level":"info","message":"Connected to mongodb://localhost/vidly_test...","timestamp":"2020-04-13T08:02:44.964Z"}
{"level":"info","message":"Listening to port 3000...","timestamp":"2020-04-13T08:02:54.108Z"}
{"level":"info","message":"Connected to mongodb://localhost/vidly_test...","timestamp":"2020-04-13T08:02:54.167Z"}
{"level":"info","message":"Listening to port 3000...","timestamp":"2020-04-13T08:03:18.243Z"}
{"level":"info","message":"Connected to mongodb://localhost/vidly_test...","timestamp":"2020-04-13T08:03:18.277Z"}
{"level":"info","message":"Listening to port 3000...","timestamp":"2020-04-13T08:06:44.897Z"}
{"level":"info","message":"Connected to mongodb://localhost/vidly_test...","timestamp":"2020-04-13T08:06:44.934Z"}
{"level":"info","message":"Listening to port 3000...","timestamp":"2020-04-13T08:07:11.865Z"}
{"level":"info","message":"Connected to mongodb://localhost/vidly_test...","timestamp":"2020-04-13T08:07:11.898Z"}
{"level":"info","message":"Listening to port 3000...","timestamp":"2020-04-13T08:07:24.036Z"}
{"level":"info","message":"Connected to mongodb://localhost/vidly_test...","timestamp":"2020-04-13T08:07:24.074Z"}
{"level":"info","message":"Listening to port 3000...","timestamp":"2020-04-13T08:07:36.113Z"}
{"level":"info","message":"Connected to mongodb://localhost/vidly_test...","timestamp":"2020-04-13T08:07:36.152Z"}
{"level":"info","message":"Listening to port 3000...","timestamp":"2020-04-13T08:10:17.879Z"}
{"level":"info","message":"Connected to mongodb://localhost/vidly_test...","timestamp":"2020-04-13T08:10:17.915Z"}
{"level":"info","message":"Listening to port 3000...","timestamp":"2020-04-13T08:12:02.246Z"}
{"level":"info","message":"Connected to mongodb://localhost/vidly_test...","timestamp":"2020-04-13T08:12:02.279Z"}
{"level":"info","message":"Listening to port 3000...","timestamp":"2020-04-13T08:12:21.952Z"}
{"level":"info","message":"Connected to mongodb://localhost/vidly_test...","timestamp":"2020-04-13T08:12:21.999Z"}
{"level":"info","message":"Listening to port 3000...","timestamp":"2020-04-13T08:13:35.854Z"}
{"level":"info","message":"Connected to mongodb://localhost/vidly_test...","timestamp":"2020-04-13T08:13:35.892Z"}
{"level":"info","message":"Listening to port 3000...","timestamp":"2020-04-13T08:14:07.442Z"}
{"level":"info","message":"Connected to mongodb://localhost/vidly_test...","timestamp":"2020-04-13T08:14:07.492Z"}
{"level":"info","message":"Listening to port 3000...","timestamp":"2020-04-13T08:14:39.298Z"}
{"level":"info","message":"Connected to mongodb://localhost/vidly_test...","timestamp":"2020-04-13T08:14:39.341Z"}
{"level":"info","message":"Listening to port 3000...","timestamp":"2020-04-13T08:15:13.467Z"}
{"level":"info","message":"Connected to mongodb://localhost/vidly_test...","timestamp":"2020-04-13T08:15:13.561Z"}
{"level":"info","message":"Listening to port 3000...","timestamp":"2020-04-13T08:15:42.123Z"}
{"level":"info","message":"Connected to mongodb://localhost/vidly_test...","timestamp":"2020-04-13T08:15:42.169Z"}
{"level":"info","message":"Listening to port 3000...","timestamp":"2020-04-13T08:15:54.791Z"}
{"level":"info","message":"Connected to mongodb://localhost/vidly_test...","timestamp":"2020-04-13T08:15:54.822Z"}
{"level":"info","message":"Listening to port 3000...","timestamp":"2020-04-13T08:17:42.648Z"}
{"level":"info","message":"Connected to mongodb://localhost/vidly_test...","timestamp":"2020-04-13T08:17:42.684Z"}
{"level":"info","message":"Listening to port 3000...","timestamp":"2020-04-13T08:18:08.335Z"}
{"level":"info","message":"Connected to mongodb://localhost/vidly_test...","timestamp":"2020-04-13T08:18:08.370Z"}
{"level":"info","message":"Listening to port 3000...","timestamp":"2020-04-13T08:19:55.165Z"}
{"level":"info","message":"Connected to mongodb://localhost/vidly_test...","timestamp":"2020-04-13T08:19:55.201Z"}
{"level":"info","message":"Listening to port 3000...","timestamp":"2020-04-13T08:20:13.763Z"}
{"level":"info","message":"Connected to mongodb://localhost/vidly_test...","timestamp":"2020-04-13T08:20:13.880Z"}
{"level":"info","message":"Listening to port 3000...","timestamp":"2020-04-13T08:22:00.987Z"}
{"level":"info","message":"Connected to mongodb://localhost/vidly_test...","timestamp":"2020-04-13T08:22:01.030Z"}
{"level":"info","message":"Listening to port 3000...","timestamp":"2020-04-13T08:22:41.880Z"}
{"level":"info","message":"Connected to mongodb://localhost/vidly_test...","timestamp":"2020-04-13T08:22:41.912Z"}
{"level":"info","message":"Listening to port 3000...","timestamp":"2020-04-13T08:25:20.085Z"}
{"level":"info","message":"Connected to mongodb://localhost/vidly_test...","timestamp":"2020-04-13T08:25:20.125Z"}
{"level":"info","message":"Listening to port 3000...","timestamp":"2020-04-13T08:26:24.550Z"}
{"level":"info","message":"Connected to mongodb://localhost/vidly_test...","timestamp":"2020-04-13T08:26:24.590Z"}
{"level":"info","message":"Listening to port 3000...","timestamp":"2020-04-13T08:30:14.229Z"}
{"level":"info","message":"Connected to mongodb://localhost/vidly_test...","timestamp":"2020-04-13T08:30:14.268Z"}
{"level":"info","message":"Listening to port 3000...","timestamp":"2020-04-13T08:31:47.416Z"}
{"level":"info","message":"Connected to mongodb://localhost/vidly_test...","timestamp":"2020-04-13T08:31:47.454Z"}
{"level":"info","message":"Listening to port 3000...","timestamp":"2020-04-13T08:32:44.171Z"}
{"level":"info","message":"Connected to mongodb://localhost/vidly_test...","timestamp":"2020-04-13T08:32:44.222Z"}
{"level":"info","message":"Listening to port 3000...","timestamp":"2020-04-13T08:33:14.578Z"}
{"level":"info","message":"Connected to mongodb://localhost/vidly_test...","timestamp":"2020-04-13T08:33:14.614Z"}
{"level":"info","message":"Listening to port 3000...","timestamp":"2020-04-13T08:33:29.628Z"}
{"level":"info","message":"Connected to mongodb://localhost/vidly_test...","timestamp":"2020-04-13T08:33:29.670Z"}
{"level":"info","message":"Listening to port 3000...","timestamp":"2020-04-13T08:33:55.385Z"}
{"level":"info","message":"Connected to mongodb://localhost/vidly_test...","timestamp":"2020-04-13T08:33:55.431Z"}
{"level":"info","message":"Listening to port 3000...","timestamp":"2020-04-13T08:34:27.767Z"}
{"level":"info","message":"Connected to mongodb://localhost/vidly_test...","timestamp":"2020-04-13T08:34:27.800Z"}
{"level":"info","message":"Listening to port 3000...","timestamp":"2020-04-13T08:35:11.985Z"}
{"level":"info","message":"Connected to mongodb://localhost/vidly_test...","timestamp":"2020-04-13T08:35:12.029Z"}
{"level":"info","message":"Listening to port 3000...","timestamp":"2020-04-13T08:35:48.541Z"}
{"level":"info","message":"Connected to mongodb://localhost/vidly_test...","timestamp":"2020-04-13T08:35:48.580Z"}
{"level":"info","message":"Listening to port 3000...","timestamp":"2020-04-13T08:38:51.457Z"}
{"level":"info","message":"Connected to mongodb://localhost/vidly_test...","timestamp":"2020-04-13T08:38:51.489Z"}
{"level":"info","message":"Listening to port 3000...","timestamp":"2020-04-13T08:49:47.652Z"}
{"level":"info","message":"Connected to mongodb://localhost/vidly_test...","timestamp":"2020-04-13T08:49:47.690Z"}
{"level":"info","message":"Listening to port 3000...","timestamp":"2020-04-13T08:52:18.037Z"}
{"level":"info","message":"Connected to mongodb://localhost/vidly_test...","timestamp":"2020-04-13T08:52:18.082Z"}
{"level":"info","message":"Listening to port 3000...","timestamp":"2020-04-13T08:52:40.477Z"}
{"level":"info","message":"Connected to mongodb://localhost/vidly_test...","timestamp":"2020-04-13T08:52:40.557Z"}
{"level":"info","message":"Listening to port 3000...","timestamp":"2020-04-13T08:52:59.742Z"}
{"level":"info","message":"Connected to mongodb://localhost/vidly_test...","timestamp":"2020-04-13T08:52:59.789Z"}
{"level":"info","message":"Listening to port 3000...","timestamp":"2020-04-13T08:53:38.097Z"}
{"level":"info","message":"Connected to mongodb://localhost/vidly_test...","timestamp":"2020-04-13T08:53:38.135Z"}
{"level":"info","message":"Listening to port 3000...","timestamp":"2020-04-13T08:54:04.799Z"}
{"level":"info","message":"Connected to mongodb://localhost/vidly_test...","timestamp":"2020-04-13T08:54:04.850Z"}
{"level":"info","message":"Listening to port 3000...","timestamp":"2020-04-13T08:54:52.096Z"}
{"level":"info","message":"Connected to mongodb://localhost/vidly_test...","timestamp":"2020-04-13T08:54:52.136Z"}
{"level":"info","message":"Listening to port 3000...","timestamp":"2020-04-13T08:55:10.534Z"}
{"level":"info","message":"Connected to mongodb://localhost/vidly_test...","timestamp":"2020-04-13T08:55:10.579Z"}
{"level":"info","message":"Listening to port 3000...","timestamp":"2020-04-13T08:55:49.108Z"}
{"level":"info","message":"Connected to mongodb://localhost/vidly_test...","timestamp":"2020-04-13T08:55:49.170Z"}
{"level":"info","message":"Listening to port 3000...","timestamp":"2020-04-13T08:55:59.600Z"}
{"level":"info","message":"Connected to mongodb://localhost/vidly_test...","timestamp":"2020-04-13T08:55:59.632Z"}
{"level":"info","message":"Listening to port 3000...","timestamp":"2020-04-13T08:57:10.414Z"}
{"level":"info","message":"Connected to mongodb://localhost/vidly_test...","timestamp":"2020-04-13T08:57:10.453Z"}
{"level":"info","message":"Listening to port 3000...","timestamp":"2020-04-13T08:59:07.227Z"}
{"level":"info","message":"Connected to mongodb://localhost/vidly_test...","timestamp":"2020-04-13T08:59:07.292Z"}
{"level":"info","message":"Listening to port 3000...","timestamp":"2020-04-13T09:01:32.867Z"}
{"level":"info","message":"Connected to mongodb://localhost/vidly_test...","timestamp":"2020-04-13T09:01:32.931Z"}
{"level":"info","message":"Listening to port 3000...","timestamp":"2020-04-13T09:03:01.051Z"}
{"level":"info","message":"Connected to mongodb://localhost/vidly_test...","timestamp":"2020-04-13T09:03:01.099Z"}
{"level":"info","message":"Listening to port 3000...","timestamp":"2020-04-13T09:03:20.234Z"}
{"level":"info","message":"Connected to mongodb://localhost/vidly_test...","timestamp":"2020-04-13T09:03:20.324Z"}
{"level":"info","message":"Listening to port 3000...","timestamp":"2020-04-13T09:04:40.273Z"}
{"level":"info","message":"Connected to mongodb://localhost/vidly_test...","timestamp":"2020-04-13T09:04:40.333Z"}
{"level":"info","message":"Listening to port 3000...","timestamp":"2020-04-13T09:04:49.292Z"}
{"level":"info","message":"Connected to mongodb://localhost/vidly_test...","timestamp":"2020-04-13T09:04:49.331Z"}
{"level":"info","message":"Listening to port 3000...","timestamp":"2020-04-13T09:06:19.322Z"}
{"level":"info","message":"Connected to mongodb://localhost/vidly_test...","timestamp":"2020-04-13T09:06:19.384Z"}
{"level":"info","message":"Listening to port 3000...","timestamp":"2020-04-13T09:08:10.850Z"}
{"level":"info","message":"Connected to mongodb://localhost/vidly_test...","timestamp":"2020-04-13T09:08:10.889Z"}
{"level":"info","message":"Listening to port 3000...","timestamp":"2020-04-13T09:09:20.723Z"}
{"level":"info","message":"Connected to mongodb://localhost/vidly_test...","timestamp":"2020-04-13T09:09:20.756Z"}
{"level":"info","message":"Listening to port 3000...","timestamp":"2020-04-13T09:11:07.092Z"}
{"level":"info","message":"Connected to mongodb://localhost/vidly_test...","timestamp":"2020-04-13T09:11:07.134Z"}
{"level":"info","message":"Listening to port 3000...","timestamp":"2020-04-13T09:12:32.333Z"}
{"level":"info","message":"Connected to mongodb://localhost/vidly_test...","timestamp":"2020-04-13T09:12:32.369Z"}
{"level":"info","message":"Listening to port 3000...","timestamp":"2020-04-13T09:13:45.742Z"}
{"level":"info","message":"Connected to mongodb://localhost/vidly_test...","timestamp":"2020-04-13T09:13:45.802Z"}
{"level":"info","message":"Listening to port 3000...","timestamp":"2020-04-13T09:13:58.518Z"}
{"level":"info","message":"Connected to mongodb://localhost/vidly_test...","timestamp":"2020-04-13T09:13:58.568Z"}
{"level":"info","message":"Listening to port 3000...","timestamp":"2020-04-13T09:15:00.447Z"}
{"level":"info","message":"Connected to mongodb://localhost/vidly_test...","timestamp":"2020-04-13T09:15:00.499Z"}
{"level":"info","message":"Listening to port 3000...","timestamp":"2020-04-13T09:15:20.998Z"}
{"level":"info","message":"Connected to mongodb://localhost/vidly_test...","timestamp":"2020-04-13T09:15:21.047Z"}
{"level":"info","message":"Listening to port 3000...","timestamp":"2020-04-13T09:15:50.848Z"}
{"level":"info","message":"Connected to mongodb://localhost/vidly_test...","timestamp":"2020-04-13T09:15:50.905Z"}
{"level":"info","message":"Listening to port 3000...","timestamp":"2020-04-13T09:16:38.887Z"}
{"level":"info","message":"Connected to mongodb://localhost/vidly_test...","timestamp":"2020-04-13T09:16:38.955Z"}
{"level":"info","message":"Listening to port 3000...","timestamp":"2020-04-13T09:16:56.334Z"}
{"level":"info","message":"Connected to mongodb://localhost/vidly_test...","timestamp":"2020-04-13T09:16:56.387Z"}
